<?xml version="1.0" encoding="UTF-8"?>
<testng-results skipped="0" failed="0" ignored="0" total="1" passed="1">
  <reporter-output>
  </reporter-output>
  <suite name="Default suite" duration-ms="3431" started-at="2019-11-25T23:58:52Z" finished-at="2019-11-25T23:58:55Z">
    <groups>
    </groups>
    <test name="Default test" duration-ms="3431" started-at="2019-11-25T23:58:52Z" finished-at="2019-11-25T23:58:55Z">
      <class name="RestAssigmnet.Ques1">
        <test-method status="PASS" signature="ques101()[pri:0, instance:RestAssigmnet.Ques1@4f933fd1]" name="ques101" duration-ms="3385" started-at="2019-11-25T23:58:52Z" finished-at="2019-11-25T23:58:55Z">
          <reporter-output>
          </reporter-output>
        </test-method> <!-- ques101 -->
      </class> <!-- RestAssigmnet.Ques1 -->
    </test> <!-- Default test -->
  </suite> <!-- Default suite -->
</testng-results>
